{"level":"\u001b[32minfo\u001b[39m","message":"GET /order 200 769ms","meta":{"req":{"headers":{"accept":"*/*","accept-encoding":"gzip, deflate, br","cache-control":"no-cache","connection":"keep-alive","content-length":"58","content-type":"application/json","host":"localhost:3000","postman-token":"8d77023f-abef-48f2-ae7d-81e20534d816","user-agent":"PostmanRuntime/7.42.0"},"httpVersion":"1.1","method":"GET","originalUrl":"/order","query":{},"url":"/order"},"res":{"statusCode":200},"responseTime":769}}
{"level":"\u001b[32minfo\u001b[39m","message":"\u001b[90mGET /order\u001b[39m \u001b[32m200\u001b[39m \u001b[90m742ms\u001b[39m","meta":{"req":{"headers":{"accept":"*/*","accept-encoding":"gzip, deflate, br","cache-control":"no-cache","connection":"keep-alive","content-length":"58","content-type":"application/json","host":"localhost:3000","postman-token":"6d8edcf8-c16d-49af-b95f-f6f1cf1c1a91","user-agent":"PostmanRuntime/7.42.0"},"httpVersion":"1.1","method":"GET","originalUrl":"/order","query":{},"url":"/order"},"res":{"statusCode":200},"responseTime":742}}
undefined
[2024-11-02 02:54:32.771 PM] [32minfo[39m: 	[32mGET /order 200 782ms[39m
[2024-11-02 02:58:45.056 PM] info: 	[90mGET /order[39m [32m200[39m [90m789ms[39m
[2024-11-02 02:59:33.697 PM] info: 	[90mGET /order[39m [32m200[39m [90m156ms[39m
[2024-11-02 02:59:41.669 PM] info: 	[90mPOST /order[39m [33m400[39m [90m7ms[39m
[2024-11-02 03:02:07.906 PM] [31merror[39m: 	[31mmiddlewareError[39m
[2024-11-02 03:02:07.909 PM] [32minfo[39m: 	[32m[90mPOST /order[32m [33m400[32m [90m25ms[32m[39m
[2024-11-02 03:03:54.444 PM] [31merror[39m: 	[31mmiddlewareError[39m
[2024-11-02 03:03:54.449 PM] [32minfo[39m: 	[32m[90mPOST /order[32m [33m400[32m [90m17ms[32m[39m
[2024-11-02 08:23:22.009 PM] [31merror[39m: 	[31mmiddlewareError[39m
[2024-11-02 08:23:22.014 PM] [32minfo[39m: 	[32m[90mPOST /order[32m [33m400[32m [90m8ms[32m[39m
[2024-11-02 08:23:23.716 PM] [31merror[39m: 	[31mmiddlewareError[39m
[2024-11-02 08:23:23.725 PM] [32minfo[39m: 	[32m[90mPOST /order[32m [33m400[32m [90m13ms[32m[39m
[2024-11-02 08:25:53.994 PM] [31merror[39m: {"error":"Invalid data","details":[{"message":"depth is Expected number, received string"}],"statusCode":400}
[2024-11-02 08:25:53.999 PM] [32minfo[39m: 	[32m[90mPOST /order[32m [33m400[32m [90m22ms[32m[39m
[2024-11-02 08:26:19.471 PM] [31merror[39m: {"error":"Invalid data","details":[{"message":"depth is Expected number, received string"}],"statusCode":400}
[2024-11-02 08:26:19.474 PM] [32minfo[39m: 	[32m[90mPOST /order[32m [33m400[32m [90m21ms[32m[39m
[2024-11-02 08:26:45.275 PM] [32minfo[39m: 	[32m[90mPOST /order[32m [32m201[32m [90m865ms[32m[39m
[2024-11-02 08:28:26.868 PM] [32minfo[39m: 	[32m[90mPOST /order[32m [32m201[32m [90m761ms[32m[39m
[2024-11-02 08:30:07.704 PM] [32minfo[39m: 	[32m[90mPOST /order[32m [32m201[32m [90m793ms[32m[39m
[2024-11-02 08:30:52.780 PM] [32minfo[39m: 	[32mPOST /order 201 775ms[39m
[2024-11-02 08:31:16.567 PM] info: 	POST /order 201 809ms
[2024-11-02 08:32:22.995 PM] error: {"error":"Invalid data","details":[{"message":"depth is Expected number, received string"}],"statusCode":400}
[2024-11-02 08:32:22.998 PM] info: 	POST /order 400 6ms
[2024-11-02 08:32:27.803 PM] error: {"error":"Invalid data","details":[{"message":"depth is Expected number, received string"}],"statusCode":400}
[2024-11-02 08:32:27.806 PM] info: 	POST /order 400 6ms
[2024-11-02 08:33:18.214 PM] error: {"error":"Invalid data","details":[{"message":"depth is Expected number, received string"}],"statusCode":400}
[[object Object][2024-11-02 08:33:18.218 PM] info: 	POST /order 400 21ms
[2024-11-02 08:34:27.870 PM] error: {"error":"Invalid data","details":[{"message":"depth is Expected number, received string"}],"statusCode":400}
[undefined] info: 	POST /order 400 21ms
[2024-11-02 08:36:11.011 PM] error: {"error":"Invalid data","details":[{"message":"depth is Expected number, received string"}],"statusCode":400}
[2024-11-02 08:36:11.014 PM] info: 	HTTP POST /order
[2024-11-02 08:38:25.507 PM] error: {"error":"Invalid data","details":[{"message":"depth is Expected number, received string"}],"statusCode":400}
[2024-11-02 08:38:25.511 PM] info: Request received
[2024-11-02 08:38:56.557 PM] error: {"error":"Invalid data","details":[{"message":"depth is Expected number, received string"}],"statusCode":400}
[2024-11-02 08:38:56.560 PM] info: Request received 	POST /order 400 19ms
[2024-11-02 08:39:32.556 PM] error: {"error":"Invalid data","details":[{"message":"depth is Expected number, received string"}],"statusCode":400}
[2024-11-02 08:39:32.559 PM] info: Request received 	POST /order 400 19ms
[2024-11-02 08:47:07.727 PM] error: {"error":"Invalid data","details":[{"message":"depth is Expected number, received string"}],"statusCode":400}
[2024-11-02 08:47:07.729 PM] info: Request received 	POST /order 400 26ms
[2024-11-02 08:47:44.968 PM] info: Request received 	POST /order 401 4ms
[2024-11-02 08:51:21.355 PM] info: Request received 	POST /order 401 2ms
[2024-11-02 08:51:54.132 PM] info: Request received 	POST /order 401 2ms
[2024-11-02 08:52:52.452 PM] error: {}
[2024-11-02 08:52:52.459 PM] info: Request received 	POST /order 500 13ms
[2024-11-02 08:53:23.747 PM] error: "You aren't authorized"
[2024-11-02 08:53:23.755 PM] info: Request received 	POST /order 500 9ms
[2024-11-02 08:54:09.601 PM] error: {"message":"You aren't authorized","status":401}
[2024-11-02 08:54:09.609 PM] info: Request received 	POST /order 500 10ms
[2024-11-02 08:54:24.762 PM] error: {"message":"You aren't authorized","statusCode":401}
[2024-11-02 08:54:24.767 PM] info: Request received 	POST /order 401 4ms
[2024-11-02 08:54:51.736 PM] error: {"error":"Invalid data","details":[{"message":"depth is Expected number, received string"}],"statusCode":400}
[2024-11-02 08:54:51.737 PM] info: Request received 	POST /order 400 23ms
[2024-11-02 09:02:33.192 PM] error: {"error":"Invalid data","details":[{"message":"depth is Expected number, received string"}],"statusCode":400}
[2024-11-02 09:02:33.195 PM] info: Request received 	POST /order 400 21ms
[2024-11-02 09:02:34.121 PM] error: {"error":"Invalid data","details":[{"message":"depth is Expected number, received string"}],"statusCode":400}
[2024-11-02 09:02:34.122 PM] info: Request received 	POST /order 400 3ms
[2024-11-02 09:02:35.738 PM] error: {"message":"You aren't authorized","statusCode":401}
[2024-11-02 09:02:35.741 PM] info: Request received 	POST /order 401 2ms
[2024-11-02 09:02:39.094 PM] error: {"error":"Invalid data","details":[{"message":"depth is Expected number, received string"}],"statusCode":400}
[2024-11-02 09:02:39.095 PM] info: Request received 	POST /order 400 4ms
[2024-11-02 09:02:40.414 PM] error: {"error":"Invalid data","details":[{"message":"depth is Expected number, received string"}],"statusCode":400}
[2024-11-02 09:02:40.416 PM] info: Request received 	POST /order 400 3ms
[2024-11-02 09:02:47.944 PM] error: {"message":"You aren't authorized","statusCode":401}
[2024-11-02 09:02:47.958 PM] info: Request received 	POST /order 401 10ms
[2024-11-02 09:02:50.465 PM] error: {"error":"Invalid data","details":[{"message":"depth is Expected number, received string"}],"statusCode":400}
[2024-11-02 09:02:50.465 PM] info: Request received 	POST /order 400 22ms
[2024-11-02 09:02:53.172 PM] error: {"message":"You aren't authorized","statusCode":401}
[2024-11-02 09:02:53.173 PM] info: Request received 	POST /order 401 2ms
[2024-11-02 09:28:10.154 PM] error: {"message":"You aren't authorized","statusCode":401}
[2024-11-02 09:28:10.157 PM] info: Request received 	POST /order 401 2ms
[2024-11-02 09:28:34.668 PM] error: {"message":"You aren't authorized","statusCode":401}
[2024-11-02 09:28:34.671 PM] info: Request received 	POST /order 401 2ms
[2024-11-02 09:29:00.388 PM] error: {"error":"Invalid data","details":[{"message":"depth is Expected number, received string"}],"statusCode":400}
[2024-11-02 09:29:00.390 PM] info: Request received 	POST /order 400 10ms
